d:\developcode\github\glim\work1\glimcircle\x64\debug\glimcircle.pch
d:\developcode\github\glim\work1\glimcircle\x64\debug\vc143.pdb
d:\developcode\github\glim\work1\glimcircle\x64\debug\vc143.idb
d:\developcode\github\glim\work1\glimcircle\x64\debug\pch.obj
d:\developcode\github\glim\work1\glimcircle\x64\debug\glimcircledlg.obj
d:\developcode\github\glim\work1\glimcircle\x64\debug\glimcircleapp.obj
d:\developcode\github\glim\work1\glimcircle\x64\debug\glimcircle.obj
d:\developcode\github\glim\work1\glimcircle\x64\debug\circlewnd.obj
d:\developcode\github\glim\work1\x64\debug\glimcircle.exe
d:\developcode\github\glim\work1\x64\debug\glimcircle.pdb
d:\developcode\github\glim\work1\glimcircle\x64\debug\glimcircle.res
d:\developcode\github\glim\work1\glimcircle\x64\debug\glimcircle.ilk
d:\developcode\github\glim\work1\glimcircle\x64\debug\glimcircle.tlog\cl.command.1.tlog
d:\developcode\github\glim\work1\glimcircle\x64\debug\glimcircle.tlog\cl.items.tlog
d:\developcode\github\glim\work1\glimcircle\x64\debug\glimcircle.tlog\cl.read.1.tlog
d:\developcode\github\glim\work1\glimcircle\x64\debug\glimcircle.tlog\cl.write.1.tlog
d:\developcode\github\glim\work1\glimcircle\x64\debug\glimcircle.tlog\link.command.1.tlog
d:\developcode\github\glim\work1\glimcircle\x64\debug\glimcircle.tlog\link.read.1.tlog
d:\developcode\github\glim\work1\glimcircle\x64\debug\glimcircle.tlog\link.secondary.1.tlog
d:\developcode\github\glim\work1\glimcircle\x64\debug\glimcircle.tlog\link.write.1.tlog
d:\developcode\github\glim\work1\glimcircle\x64\debug\glimcircle.tlog\rc.command.1.tlog
d:\developcode\github\glim\work1\glimcircle\x64\debug\glimcircle.tlog\rc.read.1.tlog
d:\developcode\github\glim\work1\glimcircle\x64\debug\glimcircle.tlog\rc.write.1.tlog
